<?xml version="1.0" encoding="UTF-8"?>
<!-- Generated by org.testng.reporters.JUnitXMLReporter -->
<testsuite ignored="0" hostname="LAPTOP-BOA1N4PS" failures="0" tests="6" name="chrometest" time="74.923" errors="0" timestamp="2025-09-18T21:27:54 IST">
  <testcase classname="Testcases.TC_001" name="verifyAccountRegistration" time="10.371"/>
  <testcase classname="Testcases.TC_002_Login" name="verifyLogin" time="5.062"/>
  <testcase classname="Testcases.TC_003_LoginWithDDT" name="verify_LoginDDT" time="11.165"/>
  <testcase classname="Testcases.TC_003_LoginWithDDT" name="verify_LoginDDT" time="11.794"/>
  <testcase classname="Testcases.TC_003_LoginWithDDT" name="verify_LoginDDT" time="3.877"/>
  <testcase classname="Testcases.TC_003_LoginWithDDT" name="verify_LoginDDT" time="11.528"/>
</testsuite> <!-- chrometest -->
