<?xml version="1.0" encoding="UTF-8"?>
<testng-results ignored="0" total="6" passed="6" failed="0" skipped="0">
  <reporter-output>
  </reporter-output>
  <suite started-at="2025-09-18T21:26:39 IST" name="mysuite" finished-at="2025-09-18T21:27:54 IST" duration-ms="74923">
    <groups>
      <group name="Master">
        <method signature="TC_001.verifyAccountRegistration()[pri:0, instance:Testcases.TC_001@47987356]" name="verifyAccountRegistration" class="Testcases.TC_001"/>
        <method signature="TC_002_Login.verifyLogin()[pri:0, instance:Testcases.TC_002_Login@a530d0a]" name="verifyLogin" class="Testcases.TC_002_Login"/>
      </group> <!-- Master -->
      <group name="Sanity">
        <method signature="TC_002_Login.verifyLogin()[pri:0, instance:Testcases.TC_002_Login@a530d0a]" name="verifyLogin" class="Testcases.TC_002_Login"/>
      </group> <!-- Sanity -->
      <group name="DataDriver">
        <method signature="TC_003_LoginWithDDT.verify_LoginDDT(java.lang.String,java.lang.String,java.lang.String)[pri:0, instance:Testcases.TC_003_LoginWithDDT@1a18644]" name="verify_LoginDDT" class="Testcases.TC_003_LoginWithDDT"/>
      </group> <!-- DataDriver -->
      <group name="Regression">
        <method signature="TC_001.verifyAccountRegistration()[pri:0, instance:Testcases.TC_001@47987356]" name="verifyAccountRegistration" class="Testcases.TC_001"/>
      </group> <!-- Regression -->
    </groups>
    <test started-at="2025-09-18T21:26:39 IST" name="chrometest" finished-at="2025-09-18T21:27:54 IST" duration-ms="74923">
      <class name="Testcases.TC_001">
        <test-method is-config="true" signature="setup(java.lang.String,java.lang.String)[pri:0, instance:Testcases.TC_001@47987356]" started-at="2025-09-18T21:26:40 IST" name="setup" finished-at="2025-09-18T21:26:46 IST" duration-ms="5838" status="PASS">
          <params>
            <param index="0">
              <value>
                <![CDATA[windows]]>
              </value>
            </param>
            <param index="1">
              <value>
                <![CDATA[chrome]]>
              </value>
            </param>
          </params>
          <reporter-output>
          </reporter-output>
        </test-method> <!-- setup -->
        <test-method signature="verifyAccountRegistration()[pri:0, instance:Testcases.TC_001@47987356]" started-at="2025-09-18T21:26:46 IST" name="verifyAccountRegistration" finished-at="2025-09-18T21:26:56 IST" duration-ms="10371" status="PASS">
          <reporter-output>
          </reporter-output>
        </test-method> <!-- verifyAccountRegistration -->
        <test-method is-config="true" signature="tearDown()[pri:0, instance:Testcases.TC_001@47987356]" started-at="2025-09-18T21:26:56 IST" name="tearDown" finished-at="2025-09-18T21:26:56 IST" duration-ms="310" status="PASS">
          <reporter-output>
          </reporter-output>
        </test-method> <!-- tearDown -->
      </class> <!-- Testcases.TC_001 -->
      <class name="Testcases.TC_003_LoginWithDDT">
        <test-method is-config="true" signature="setup(java.lang.String,java.lang.String)[pri:0, instance:Testcases.TC_003_LoginWithDDT@1a18644]" started-at="2025-09-18T21:27:06 IST" name="setup" finished-at="2025-09-18T21:27:13 IST" duration-ms="6431" status="PASS">
          <params>
            <param index="0">
              <value>
                <![CDATA[windows]]>
              </value>
            </param>
            <param index="1">
              <value>
                <![CDATA[chrome]]>
              </value>
            </param>
          </params>
          <reporter-output>
          </reporter-output>
        </test-method> <!-- setup -->
        <test-method signature="verify_LoginDDT(java.lang.String,java.lang.String,java.lang.String)[pri:0, instance:Testcases.TC_003_LoginWithDDT@1a18644]" started-at="2025-09-18T21:27:16 IST" name="verify_LoginDDT" data-provider="LoginData" finished-at="2025-09-18T21:27:27 IST" duration-ms="11165" status="PASS">
          <params>
            <param index="0">
              <value>
                <![CDATA[John@gmail.com]]>
              </value>
            </param>
            <param index="1">
              <value>
                <![CDATA[test@123]]>
              </value>
            </param>
            <param index="2">
              <value>
                <![CDATA[Invalid]]>
              </value>
            </param>
          </params>
          <reporter-output>
          </reporter-output>
        </test-method> <!-- verify_LoginDDT -->
        <test-method signature="verify_LoginDDT(java.lang.String,java.lang.String,java.lang.String)[pri:0, instance:Testcases.TC_003_LoginWithDDT@1a18644]" started-at="2025-09-18T21:27:27 IST" name="verify_LoginDDT" data-provider="LoginData" finished-at="2025-09-18T21:27:39 IST" duration-ms="11794" status="PASS">
          <params>
            <param index="0">
              <value>
                <![CDATA[Mark@gmail.com]]>
              </value>
            </param>
            <param index="1">
              <value>
                <![CDATA[test@123]]>
              </value>
            </param>
            <param index="2">
              <value>
                <![CDATA[Invalid]]>
              </value>
            </param>
          </params>
          <reporter-output>
          </reporter-output>
        </test-method> <!-- verify_LoginDDT -->
        <test-method signature="verify_LoginDDT(java.lang.String,java.lang.String,java.lang.String)[pri:0, instance:Testcases.TC_003_LoginWithDDT@1a18644]" started-at="2025-09-18T21:27:39 IST" name="verify_LoginDDT" data-provider="LoginData" finished-at="2025-09-18T21:27:42 IST" duration-ms="3877" status="PASS">
          <params>
            <param index="0">
              <value>
                <![CDATA[Test17882k@gmail.com]]>
              </value>
            </param>
            <param index="1">
              <value>
                <![CDATA[Test@12345678]]>
              </value>
            </param>
            <param index="2">
              <value>
                <![CDATA[Valid]]>
              </value>
            </param>
          </params>
          <reporter-output>
          </reporter-output>
        </test-method> <!-- verify_LoginDDT -->
        <test-method signature="verify_LoginDDT(java.lang.String,java.lang.String,java.lang.String)[pri:0, instance:Testcases.TC_003_LoginWithDDT@1a18644]" started-at="2025-09-18T21:27:42 IST" name="verify_LoginDDT" data-provider="LoginData" finished-at="2025-09-18T21:27:54 IST" duration-ms="11528" status="PASS">
          <params>
            <param index="0">
              <value>
                <![CDATA[Ramesh@gmail.com]]>
              </value>
            </param>
            <param index="1">
              <value>
                <![CDATA[test@123]]>
              </value>
            </param>
            <param index="2">
              <value>
                <![CDATA[Invalid]]>
              </value>
            </param>
          </params>
          <reporter-output>
          </reporter-output>
        </test-method> <!-- verify_LoginDDT -->
        <test-method is-config="true" signature="tearDown()[pri:0, instance:Testcases.TC_003_LoginWithDDT@1a18644]" started-at="2025-09-18T21:27:54 IST" name="tearDown" finished-at="2025-09-18T21:27:54 IST" duration-ms="375" status="PASS">
          <reporter-output>
          </reporter-output>
        </test-method> <!-- tearDown -->
      </class> <!-- Testcases.TC_003_LoginWithDDT -->
      <class name="Testcases.TC_002_Login">
        <test-method is-config="true" signature="setup(java.lang.String,java.lang.String)[pri:0, instance:Testcases.TC_002_Login@a530d0a]" started-at="2025-09-18T21:26:56 IST" name="setup" finished-at="2025-09-18T21:27:01 IST" duration-ms="4525" status="PASS">
          <params>
            <param index="0">
              <value>
                <![CDATA[windows]]>
              </value>
            </param>
            <param index="1">
              <value>
                <![CDATA[chrome]]>
              </value>
            </param>
          </params>
          <reporter-output>
          </reporter-output>
        </test-method> <!-- setup -->
        <test-method signature="verifyLogin()[pri:0, instance:Testcases.TC_002_Login@a530d0a]" started-at="2025-09-18T21:27:01 IST" name="verifyLogin" finished-at="2025-09-18T21:27:06 IST" duration-ms="5062" status="PASS">
          <reporter-output>
          </reporter-output>
        </test-method> <!-- verifyLogin -->
        <test-method is-config="true" signature="tearDown()[pri:0, instance:Testcases.TC_002_Login@a530d0a]" started-at="2025-09-18T21:27:06 IST" name="tearDown" finished-at="2025-09-18T21:27:06 IST" duration-ms="313" status="PASS">
          <reporter-output>
          </reporter-output>
        </test-method> <!-- tearDown -->
      </class> <!-- Testcases.TC_002_Login -->
    </test> <!-- chrometest -->
  </suite> <!-- mysuite -->
</testng-results>
